simple-crop-image-lib/build/outputs/logs/manifest-merger-release-report.txt
-- Merging decision tree log ---
manifest
ADDED from KippinProductionCode/simple-crop-image-lib/AndroidManifest.xml:2:1-7:12
INJECTED from KippinProductionCode/simple-crop-image-lib/AndroidManifest.xml:2:1-7:12
INJECTED from KippinProductionCode/simple-crop-image-lib/AndroidManifest.xml:2:1-7:12
INJECTED from KippinProductionCode/simple-crop-image-lib/AndroidManifest.xml:2:1-7:12
INJECTED from KippinProductionCode/simple-crop-image-lib/AndroidManifest.xml:2:1-7:12
INJECTED from KippinProductionCode/simple-crop-image-lib/AndroidManifest.xml:2:1-7:12
INJECTED from KippinProductionCode/simple-crop-image-lib/AndroidManifest.xml:2:1-7:12
	package
		ADDED from KippinProductionCode/simple-crop-image-lib/AndroidManifest.xml:3:11-57
		INJECTED from KippinProductionCode/simple-crop-image-lib/AndroidManifest.xml
		INJECTED from KippinProductionCode/simple-crop-image-lib/AndroidManifest.xml
	android:versionName
		ADDED from KippinProductionCode/simple-crop-image-lib/AndroidManifest.xml:5:11-36
		INJECTED from KippinProductionCode/simple-crop-image-lib/AndroidManifest.xml
		INJECTED from KippinProductionCode/simple-crop-image-lib/AndroidManifest.xml
	xmlns:android
		ADDED from KippinProductionCode/simple-crop-image-lib/AndroidManifest.xml:2:11-69
	android:versionCode
		ADDED from KippinProductionCode/simple-crop-image-lib/AndroidManifest.xml:4:11-34
		INJECTED from KippinProductionCode/simple-crop-image-lib/AndroidManifest.xml
		INJECTED from KippinProductionCode/simple-crop-image-lib/AndroidManifest.xml
uses-sdk
INJECTED from KippinProductionCode/simple-crop-image-lib/AndroidManifest.xml reason: use-sdk injection requested
INJECTED from KippinProductionCode/simple-crop-image-lib/AndroidManifest.xml
INJECTED from KippinProductionCode/simple-crop-image-lib/AndroidManifest.xml
INJECTED from KippinProductionCode/simple-crop-image-lib/AndroidManifest.xml
INJECTED from KippinProductionCode/simple-crop-image-lib/AndroidManifest.xml
	android:targetSdkVersion
		INJECTED from KippinProductionCode/simple-crop-image-lib/AndroidManifest.xml
		ADDED from KippinProductionCode/simple-crop-image-lib/AndroidManifest.xml
		INJECTED from KippinProductionCode/simple-crop-image-lib/AndroidManifest.xml
	android:minSdkVersion
		INJECTED from KippinProductionCode/simple-crop-image-lib/AndroidManifest.xml
		ADDED from KippinProductionCode/simple-crop-image-lib/AndroidManifest.xml
		INJECTED from KippinProductionCode/simple-crop-image-lib/AndroidManifest.xml